2012-06-25 14:11:19,293 [8] Orchard.Exceptions.DefaultExceptionPolicy - An unexpected exception was caught
System.Reflection.TargetInvocationException: Exception has been thrown by the target of an invocation. ---> Autofac.Core.DependencyResolutionException: None of the constructors found with 'Orchard.Environment.AutofacUtil.DynamicProxy2.ConstructorFinderWrapper' on type 'Contrib.ImageField.Drivers.ImageFieldDriver' can be invoked with the available services and parameters:
Cannot resolve parameter 'Orchard.Media.Services.IMediaService mediaService' of constructor 'Void .ctor(Orchard.IOrchardServices, Orchard.Media.Services.IMediaService)'.
Cannot resolve parameter 'Orchard.Media.Services.IMediaService mediaService' of constructor 'Void .ctor(Orchard.Media.Services.IMediaService)'.
   at Autofac.Core.Activators.Reflection.ReflectionActivator.ActivateInstance(IComponentContext context, IEnumerable`1 parameters)
   at Autofac.Core.Resolving.InstanceLookup.Activate(IEnumerable`1 parameters)
   at Autofac.Core.Resolving.InstanceLookup.<Execute>b__6()
   at Autofac.Core.Lifetime.LifetimeScope.GetOrCreateAndShare(Guid id, Func`1 creator)
   at Autofac.Core.Resolving.InstanceLookup.Execute()
   at Autofac.Core.Resolving.ResolveOperation.GetOrCreateInstance(ISharingLifetimeScope currentOperationScope, IComponentRegistration registration, IEnumerable`1 parameters)
   at Autofac.Core.Resolving.InstanceLookup.ResolveComponent(IComponentRegistration registration, IEnumerable`1 parameters)
   at Autofac.Features.Collections.CollectionRegistrationSource.<>c__DisplayClass4.<>c__DisplayClass6.<RegistrationsFor>b__1(IComponentRegistration cr)
   at System.Linq.Enumerable.WhereSelectArrayIterator`2.MoveNext()
   at System.Linq.Buffer`1..ctor(IEnumerable`1 source)
   at System.Linq.Enumerable.ToArray[TSource](IEnumerable`1 source)
   at Autofac.Features.Collections.CollectionRegistrationSource.<>c__DisplayClass4.<RegistrationsFor>b__0(IComponentContext c, IEnumerable`1 p)
   at Autofac.Core.Activators.Delegate.DelegateActivator.ActivateInstance(IComponentContext context, IEnumerable`1 parameters)
   at Autofac.Core.Resolving.InstanceLookup.Activate(IEnumerable`1 parameters)
   at Autofac.Core.Resolving.InstanceLookup.Execute()
   at Autofac.Core.Resolving.ResolveOperation.GetOrCreateInstance(ISharingLifetimeScope currentOperationScope, IComponentRegistration registration, IEnumerable`1 parameters)
   at Autofac.Core.Resolving.InstanceLookup.ResolveComponent(IComponentRegistration registration, IEnumerable`1 parameters)
   at Autofac.Core.Registration.ExternalRegistrySource.<>c__DisplayClass8.<RegistrationsFor>b__3(IComponentContext c, IEnumerable`1 p)
   at Autofac.Builder.RegistrationBuilder.<>c__DisplayClass1`1.<ForDelegate>b__0(IComponentContext c, IEnumerable`1 p)
   at Autofac.Core.Activators.Delegate.DelegateActivator.ActivateInstance(IComponentContext context, IEnumerable`1 parameters)
   at Autofac.Core.Resolving.InstanceLookup.Activate(IEnumerable`1 parameters)
   at Autofac.Core.Resolving.InstanceLookup.Execute()
   at Autofac.Core.Resolving.ResolveOperation.GetOrCreateInstance(ISharingLifetimeScope currentOperationScope, IComponentRegistration registration, IEnumerable`1 parameters)
   at Autofac.Core.Resolving.InstanceLookup.ResolveComponent(IComponentRegistration registration, IEnumerable`1 parameters)
   at Autofac.Core.Activators.Reflection.AutowiringParameter.<>c__DisplayClass2.<CanSupplyValue>b__0()
   at Autofac.Core.Activators.Reflection.ConstructorParameterBinding.Instantiate()
   at Autofac.Core.Activators.Reflection.ReflectionActivator.ActivateInstance(IComponentContext context, IEnumerable`1 parameters)
   at Autofac.Core.Resolving.InstanceLookup.Activate(IEnumerable`1 parameters)
   at Autofac.Core.Resolving.InstanceLookup.<Execute>b__6()
   at Autofac.Core.Lifetime.LifetimeScope.GetOrCreateAndShare(Guid id, Func`1 creator)
   at Autofac.Core.Resolving.InstanceLookup.Execute()
   at Autofac.Core.Resolving.ResolveOperation.GetOrCreateInstance(ISharingLifetimeScope currentOperationScope, IComponentRegistration registration, IEnumerable`1 parameters)
   at Autofac.Core.Resolving.InstanceLookup.ResolveComponent(IComponentRegistration registration, IEnumerable`1 parameters)
   at Autofac.Features.Collections.CollectionRegistrationSource.<>c__DisplayClass4.<>c__DisplayClass6.<RegistrationsFor>b__1(IComponentRegistration cr)
   at System.Linq.Enumerable.WhereSelectArrayIterator`2.MoveNext()
   at System.Linq.Buffer`1..ctor(IEnumerable`1 source)
   at System.Linq.Enumerable.ToArray[TSource](IEnumerable`1 source)
   at Autofac.Features.Collections.CollectionRegistrationSource.<>c__DisplayClass4.<RegistrationsFor>b__0(IComponentContext c, IEnumerable`1 p)
   at Autofac.Core.Activators.Delegate.DelegateActivator.ActivateInstance(IComponentContext context, IEnumerable`1 parameters)
   at Autofac.Core.Resolving.InstanceLookup.Activate(IEnumerable`1 parameters)
   at Autofac.Core.Resolving.InstanceLookup.Execute()
   at Autofac.Core.Resolving.ResolveOperation.GetOrCreateInstance(ISharingLifetimeScope currentOperationScope, IComponentRegistration registration, IEnumerable`1 parameters)
   at Autofac.Core.Resolving.InstanceLookup.ResolveComponent(IComponentRegistration registration, IEnumerable`1 parameters)
   at Autofac.Core.Registration.ExternalRegistrySource.<>c__DisplayClass8.<RegistrationsFor>b__3(IComponentContext c, IEnumerable`1 p)
   at Autofac.Builder.RegistrationBuilder.<>c__DisplayClass1`1.<ForDelegate>b__0(IComponentContext c, IEnumerable`1 p)
   at Autofac.Core.Activators.Delegate.DelegateActivator.ActivateInstance(IComponentContext context, IEnumerable`1 parameters)
   at Autofac.Core.Resolving.InstanceLookup.Activate(IEnumerable`1 parameters)
   at Autofac.Core.Resolving.InstanceLookup.Execute()
   at Autofac.Core.Resolving.ResolveOperation.GetOrCreateInstance(ISharingLifetimeScope currentOperationScope, IComponentRegistration registration, IEnumerable`1 parameters)
   at Autofac.Core.Resolving.ResolveOperation.Execute(IComponentRegistration registration, IEnumerable`1 parameters)
   at Autofac.Core.Lifetime.LifetimeScope.ResolveComponent(IComponentRegistration registration, IEnumerable`1 parameters)
   at Autofac.Features.LazyDependencies.LazyRegistrationSource.<>c__DisplayClass5`1.<>c__DisplayClass7.<CreateLazyRegistration>b__4()
   at System.Lazy`1.CreateValue()
   at System.Lazy`1.LazyInitValue()
   at System.Lazy`1.get_Value()
   at Orchard.ContentManagement.DefaultContentManager.New(String contentType) in d:\Builds\OrchardFull\src\Orchard\ContentManagement\DefaultContentManager.cs:line 76
   at Orchard.ContentManagement.DefaultContentManager.Get(Int32 id, VersionOptions options, QueryHints hints) in d:\Builds\OrchardFull\src\Orchard\ContentManagement\DefaultContentManager.cs:line 190
   at Orchard.ContentManagement.DefaultContentManager.Get(Int32 id, VersionOptions options) in d:\Builds\OrchardFull\src\Orchard\ContentManagement\DefaultContentManager.cs:line 111
   at Orchard.ContentManagement.DefaultContentQuery.<Slice>b__0(ContentItemVersionRecord x) in d:\Builds\OrchardFull\src\Orchard\ContentManagement\DefaultContentQuery.cs:line 148
   at System.Linq.Enumerable.WhereSelectListIterator`2.MoveNext()
   at System.Collections.Generic.List`1..ctor(IEnumerable`1 collection)
   at System.Linq.Enumerable.ToList[TSource](IEnumerable`1 source)
   at Orchard.ContentManagement.DefaultContentQuery.Slice(Int32 skip, Int32 count) in d:\Builds\OrchardFull\src\Orchard\ContentManagement\DefaultContentQuery.cs:line 146
   at Orchard.ContentManagement.DefaultContentQuery.ContentQuery`1.Orchard.ContentManagement.IContentQuery<T>.List() in d:\Builds\OrchardFull\src\Orchard\ContentManagement\DefaultContentQuery.cs:line 191
   at Contrib.Taxonomies.Services.TaxonomyService.GetSlugs()
   at Contrib.Taxonomies.Routing.TaxonomySlugConstraintUpdator.Orchard.Environment.IOrchardShellEvents.Activated()
   --- End of inner exception stack trace ---
   at System.RuntimeMethodHandle.InvokeMethod(Object target, Object[] arguments, Signature sig, Boolean constructor)
   at System.Reflection.RuntimeMethodInfo.UnsafeInvokeInternal(Object obj, Object[] parameters, Object[] arguments)
   at System.Reflection.RuntimeMethodInfo.Invoke(Object obj, BindingFlags invokeAttr, Binder binder, Object[] parameters, CultureInfo culture)
   at Orchard.Events.DefaultOrchardEventBus.TryInvokeMethod(IEventHandler eventHandler, Type interfaceType, String methodName, IDictionary`2 arguments, IEnumerable& returnValue) in d:\Builds\OrchardFull\src\Orchard\Events\DefaultOrchardEventBus.cs:line 80
   at Orchard.Events.DefaultOrchardEventBus.TryInvoke(IEventHandler eventHandler, String interfaceName, String methodName, IDictionary`2 arguments, IEnumerable& returnValue) in d:\Builds\OrchardFull\src\Orchard\Events\DefaultOrchardEventBus.cs:line 68
   at Orchard.Events.DefaultOrchardEventBus.TryNotifyHandler(IEventHandler eventHandler, String messageName, String interfaceName, String methodName, IDictionary`2 eventData, IEnumerable& returnValue) in d:\Builds\OrchardFull\src\Orchard\Events\DefaultOrchardEventBus.cs:line 52
2012-06-25 14:11:20,962 [8] Orchard.Exceptions.DefaultExceptionPolicy - An unexpected exception was caught
System.Reflection.TargetInvocationException: Exception has been thrown by the target of an invocation. ---> Autofac.Core.DependencyResolutionException: None of the constructors found with 'Orchard.Environment.AutofacUtil.DynamicProxy2.ConstructorFinderWrapper' on type 'Contrib.ImageField.Drivers.ImageFieldDriver' can be invoked with the available services and parameters:
Cannot resolve parameter 'Orchard.Media.Services.IMediaService mediaService' of constructor 'Void .ctor(Orchard.IOrchardServices, Orchard.Media.Services.IMediaService)'.
Cannot resolve parameter 'Orchard.Media.Services.IMediaService mediaService' of constructor 'Void .ctor(Orchard.Media.Services.IMediaService)'.
   at Autofac.Core.Activators.Reflection.ReflectionActivator.ActivateInstance(IComponentContext context, IEnumerable`1 parameters)
   at Autofac.Core.Resolving.InstanceLookup.Activate(IEnumerable`1 parameters)
   at Autofac.Core.Resolving.InstanceLookup.<Execute>b__6()
   at Autofac.Core.Lifetime.LifetimeScope.GetOrCreateAndShare(Guid id, Func`1 creator)
   at Autofac.Core.Resolving.InstanceLookup.Execute()
   at Autofac.Core.Resolving.ResolveOperation.GetOrCreateInstance(ISharingLifetimeScope currentOperationScope, IComponentRegistration registration, IEnumerable`1 parameters)
   at Autofac.Core.Resolving.InstanceLookup.ResolveComponent(IComponentRegistration registration, IEnumerable`1 parameters)
   at Autofac.Features.Collections.CollectionRegistrationSource.<>c__DisplayClass4.<>c__DisplayClass6.<RegistrationsFor>b__1(IComponentRegistration cr)
   at System.Linq.Enumerable.WhereSelectArrayIterator`2.MoveNext()
   at System.Linq.Buffer`1..ctor(IEnumerable`1 source)
   at System.Linq.Enumerable.ToArray[TSource](IEnumerable`1 source)
   at Autofac.Features.Collections.CollectionRegistrationSource.<>c__DisplayClass4.<RegistrationsFor>b__0(IComponentContext c, IEnumerable`1 p)
   at Autofac.Core.Activators.Delegate.DelegateActivator.ActivateInstance(IComponentContext context, IEnumerable`1 parameters)
   at Autofac.Core.Resolving.InstanceLookup.Activate(IEnumerable`1 parameters)
   at Autofac.Core.Resolving.InstanceLookup.Execute()
   at Autofac.Core.Resolving.ResolveOperation.GetOrCreateInstance(ISharingLifetimeScope currentOperationScope, IComponentRegistration registration, IEnumerable`1 parameters)
   at Autofac.Core.Resolving.InstanceLookup.ResolveComponent(IComponentRegistration registration, IEnumerable`1 parameters)
   at Autofac.Core.Registration.ExternalRegistrySource.<>c__DisplayClass8.<RegistrationsFor>b__3(IComponentContext c, IEnumerable`1 p)
   at Autofac.Builder.RegistrationBuilder.<>c__DisplayClass1`1.<ForDelegate>b__0(IComponentContext c, IEnumerable`1 p)
   at Autofac.Core.Activators.Delegate.DelegateActivator.ActivateInstance(IComponentContext context, IEnumerable`1 parameters)
   at Autofac.Core.Resolving.InstanceLookup.Activate(IEnumerable`1 parameters)
   at Autofac.Core.Resolving.InstanceLookup.Execute()
   at Autofac.Core.Resolving.ResolveOperation.GetOrCreateInstance(ISharingLifetimeScope currentOperationScope, IComponentRegistration registration, IEnumerable`1 parameters)
   at Autofac.Core.Resolving.InstanceLookup.ResolveComponent(IComponentRegistration registration, IEnumerable`1 parameters)
   at Autofac.Core.Activators.Reflection.AutowiringParameter.<>c__DisplayClass2.<CanSupplyValue>b__0()
   at Autofac.Core.Activators.Reflection.ConstructorParameterBinding.Instantiate()
   at Autofac.Core.Activators.Reflection.ReflectionActivator.ActivateInstance(IComponentContext context, IEnumerable`1 parameters)
   at Autofac.Core.Resolving.InstanceLookup.Activate(IEnumerable`1 parameters)
   at Autofac.Core.Resolving.InstanceLookup.<Execute>b__6()
   at Autofac.Core.Lifetime.LifetimeScope.GetOrCreateAndShare(Guid id, Func`1 creator)
   at Autofac.Core.Resolving.InstanceLookup.Execute()
   at Autofac.Core.Resolving.ResolveOperation.GetOrCreateInstance(ISharingLifetimeScope currentOperationScope, IComponentRegistration registration, IEnumerable`1 parameters)
   at Autofac.Core.Resolving.InstanceLookup.ResolveComponent(IComponentRegistration registration, IEnumerable`1 parameters)
   at Autofac.Features.Collections.CollectionRegistrationSource.<>c__DisplayClass4.<>c__DisplayClass6.<RegistrationsFor>b__1(IComponentRegistration cr)
   at System.Linq.Enumerable.WhereSelectArrayIterator`2.MoveNext()
   at System.Linq.Buffer`1..ctor(IEnumerable`1 source)
   at System.Linq.Enumerable.ToArray[TSource](IEnumerable`1 source)
   at Autofac.Features.Collections.CollectionRegistrationSource.<>c__DisplayClass4.<RegistrationsFor>b__0(IComponentContext c, IEnumerable`1 p)
   at Autofac.Core.Activators.Delegate.DelegateActivator.ActivateInstance(IComponentContext context, IEnumerable`1 parameters)
   at Autofac.Core.Resolving.InstanceLookup.Activate(IEnumerable`1 parameters)
   at Autofac.Core.Resolving.InstanceLookup.Execute()
   at Autofac.Core.Resolving.ResolveOperation.GetOrCreateInstance(ISharingLifetimeScope currentOperationScope, IComponentRegistration registration, IEnumerable`1 parameters)
   at Autofac.Core.Resolving.InstanceLookup.ResolveComponent(IComponentRegistration registration, IEnumerable`1 parameters)
   at Autofac.Core.Registration.ExternalRegistrySource.<>c__DisplayClass8.<RegistrationsFor>b__3(IComponentContext c, IEnumerable`1 p)
   at Autofac.Builder.RegistrationBuilder.<>c__DisplayClass1`1.<ForDelegate>b__0(IComponentContext c, IEnumerable`1 p)
   at Autofac.Core.Activators.Delegate.DelegateActivator.ActivateInstance(IComponentContext context, IEnumerable`1 parameters)
   at Autofac.Core.Resolving.InstanceLookup.Activate(IEnumerable`1 parameters)
   at Autofac.Core.Resolving.InstanceLookup.Execute()
   at Autofac.Core.Resolving.ResolveOperation.GetOrCreateInstance(ISharingLifetimeScope currentOperationScope, IComponentRegistration registration, IEnumerable`1 parameters)
   at Autofac.Core.Resolving.ResolveOperation.Execute(IComponentRegistration registration, IEnumerable`1 parameters)
   at Autofac.Core.Lifetime.LifetimeScope.ResolveComponent(IComponentRegistration registration, IEnumerable`1 parameters)
   at Autofac.Features.LazyDependencies.LazyRegistrationSource.<>c__DisplayClass5`1.<>c__DisplayClass7.<CreateLazyRegistration>b__4()
   at System.Lazy`1.CreateValue()
--- End of stack trace from previous location where exception was thrown ---
   at System.Runtime.ExceptionServices.ExceptionDispatchInfo.Throw()
   at System.Lazy`1.get_Value()
   at Orchard.ContentManagement.DefaultContentManager.New(String contentType) in d:\Builds\OrchardFull\src\Orchard\ContentManagement\DefaultContentManager.cs:line 76
   at Orchard.ContentManagement.DefaultContentManager.Get(Int32 id, VersionOptions options, QueryHints hints) in d:\Builds\OrchardFull\src\Orchard\ContentManagement\DefaultContentManager.cs:line 190
   at Orchard.ContentManagement.DefaultContentManager.Get(Int32 id, VersionOptions options) in d:\Builds\OrchardFull\src\Orchard\ContentManagement\DefaultContentManager.cs:line 111
   at Orchard.ContentManagement.DefaultContentQuery.<Slice>b__0(ContentItemVersionRecord x) in d:\Builds\OrchardFull\src\Orchard\ContentManagement\DefaultContentQuery.cs:line 148
   at System.Linq.Enumerable.WhereSelectListIterator`2.MoveNext()
   at System.Collections.Generic.List`1..ctor(IEnumerable`1 collection)
   at System.Linq.Enumerable.ToList[TSource](IEnumerable`1 source)
   at Orchard.ContentManagement.DefaultContentQuery.Slice(Int32 skip, Int32 count) in d:\Builds\OrchardFull\src\Orchard\ContentManagement\DefaultContentQuery.cs:line 146
   at Orchard.ContentManagement.DefaultContentQuery.ContentQuery`1.Orchard.ContentManagement.IContentQuery<T>.List() in d:\Builds\OrchardFull\src\Orchard\ContentManagement\DefaultContentQuery.cs:line 191
   at Contrib.Taxonomies.Services.TaxonomyService.GetTermPaths()
   at Contrib.Taxonomies.Routing.TermPathConstraintUpdator.Orchard.Environment.IOrchardShellEvents.Activated()
   --- End of inner exception stack trace ---
   at System.RuntimeMethodHandle.InvokeMethod(Object target, Object[] arguments, Signature sig, Boolean constructor)
   at System.Reflection.RuntimeMethodInfo.UnsafeInvokeInternal(Object obj, Object[] parameters, Object[] arguments)
   at System.Reflection.RuntimeMethodInfo.Invoke(Object obj, BindingFlags invokeAttr, Binder binder, Object[] parameters, CultureInfo culture)
   at Orchard.Events.DefaultOrchardEventBus.TryInvokeMethod(IEventHandler eventHandler, Type interfaceType, String methodName, IDictionary`2 arguments, IEnumerable& returnValue) in d:\Builds\OrchardFull\src\Orchard\Events\DefaultOrchardEventBus.cs:line 80
   at Orchard.Events.DefaultOrchardEventBus.TryInvoke(IEventHandler eventHandler, String interfaceName, String methodName, IDictionary`2 arguments, IEnumerable& returnValue) in d:\Builds\OrchardFull\src\Orchard\Events\DefaultOrchardEventBus.cs:line 68
   at Orchard.Events.DefaultOrchardEventBus.TryNotifyHandler(IEventHandler eventHandler, String messageName, String interfaceName, String methodName, IDictionary`2 eventData, IEnumerable& returnValue) in d:\Builds\OrchardFull\src\Orchard\Events\DefaultOrchardEventBus.cs:line 52
2012-06-25 14:11:21,026 [8] Orchard.Exceptions.DefaultExceptionPolicy - An unexpected exception was caught
System.Reflection.TargetInvocationException: Exception has been thrown by the target of an invocation. ---> Autofac.Core.DependencyResolutionException: None of the constructors found with 'Orchard.Environment.AutofacUtil.DynamicProxy2.ConstructorFinderWrapper' on type 'Contrib.ImageField.Drivers.ImageFieldDriver' can be invoked with the available services and parameters:
Cannot resolve parameter 'Orchard.Media.Services.IMediaService mediaService' of constructor 'Void .ctor(Orchard.IOrchardServices, Orchard.Media.Services.IMediaService)'.
Cannot resolve parameter 'Orchard.Media.Services.IMediaService mediaService' of constructor 'Void .ctor(Orchard.Media.Services.IMediaService)'.
   at Autofac.Core.Activators.Reflection.ReflectionActivator.ActivateInstance(IComponentContext context, IEnumerable`1 parameters)
   at Autofac.Core.Resolving.InstanceLookup.Activate(IEnumerable`1 parameters)
   at Autofac.Core.Resolving.InstanceLookup.<Execute>b__6()
   at Autofac.Core.Lifetime.LifetimeScope.GetOrCreateAndShare(Guid id, Func`1 creator)
   at Autofac.Core.Resolving.InstanceLookup.Execute()
   at Autofac.Core.Resolving.ResolveOperation.GetOrCreateInstance(ISharingLifetimeScope currentOperationScope, IComponentRegistration registration, IEnumerable`1 parameters)
   at Autofac.Core.Resolving.InstanceLookup.ResolveComponent(IComponentRegistration registration, IEnumerable`1 parameters)
   at Autofac.Features.Collections.CollectionRegistrationSource.<>c__DisplayClass4.<>c__DisplayClass6.<RegistrationsFor>b__1(IComponentRegistration cr)
   at System.Linq.Enumerable.WhereSelectArrayIterator`2.MoveNext()
   at System.Linq.Buffer`1..ctor(IEnumerable`1 source)
   at System.Linq.Enumerable.ToArray[TSource](IEnumerable`1 source)
   at Autofac.Features.Collections.CollectionRegistrationSource.<>c__DisplayClass4.<RegistrationsFor>b__0(IComponentContext c, IEnumerable`1 p)
   at Autofac.Core.Activators.Delegate.DelegateActivator.ActivateInstance(IComponentContext context, IEnumerable`1 parameters)
   at Autofac.Core.Resolving.InstanceLookup.Activate(IEnumerable`1 parameters)
   at Autofac.Core.Resolving.InstanceLookup.Execute()
   at Autofac.Core.Resolving.ResolveOperation.GetOrCreateInstance(ISharingLifetimeScope currentOperationScope, IComponentRegistration registration, IEnumerable`1 parameters)
   at Autofac.Core.Resolving.InstanceLookup.ResolveComponent(IComponentRegistration registration, IEnumerable`1 parameters)
   at Autofac.Core.Registration.ExternalRegistrySource.<>c__DisplayClass8.<RegistrationsFor>b__3(IComponentContext c, IEnumerable`1 p)
   at Autofac.Builder.RegistrationBuilder.<>c__DisplayClass1`1.<ForDelegate>b__0(IComponentContext c, IEnumerable`1 p)
   at Autofac.Core.Activators.Delegate.DelegateActivator.ActivateInstance(IComponentContext context, IEnumerable`1 parameters)
   at Autofac.Core.Resolving.InstanceLookup.Activate(IEnumerable`1 parameters)
   at Autofac.Core.Resolving.InstanceLookup.Execute()
   at Autofac.Core.Resolving.ResolveOperation.GetOrCreateInstance(ISharingLifetimeScope currentOperationScope, IComponentRegistration registration, IEnumerable`1 parameters)
   at Autofac.Core.Resolving.InstanceLookup.ResolveComponent(IComponentRegistration registration, IEnumerable`1 parameters)
   at Autofac.Core.Activators.Reflection.AutowiringParameter.<>c__DisplayClass2.<CanSupplyValue>b__0()
   at Autofac.Core.Activators.Reflection.ConstructorParameterBinding.Instantiate()
   at Autofac.Core.Activators.Reflection.ReflectionActivator.ActivateInstance(IComponentContext context, IEnumerable`1 parameters)
   at Autofac.Core.Resolving.InstanceLookup.Activate(IEnumerable`1 parameters)
   at Autofac.Core.Resolving.InstanceLookup.<Execute>b__6()
   at Autofac.Core.Lifetime.LifetimeScope.GetOrCreateAndShare(Guid id, Func`1 creator)
   at Autofac.Core.Resolving.InstanceLookup.Execute()
   at Autofac.Core.Resolving.ResolveOperation.GetOrCreateInstance(ISharingLifetimeScope currentOperationScope, IComponentRegistration registration, IEnumerable`1 parameters)
   at Autofac.Core.Resolving.InstanceLookup.ResolveComponent(IComponentRegistration registration, IEnumerable`1 parameters)
   at Autofac.Features.Collections.CollectionRegistrationSource.<>c__DisplayClass4.<>c__DisplayClass6.<RegistrationsFor>b__1(IComponentRegistration cr)
   at System.Linq.Enumerable.WhereSelectArrayIterator`2.MoveNext()
   at System.Linq.Buffer`1..ctor(IEnumerable`1 source)
   at System.Linq.Enumerable.ToArray[TSource](IEnumerable`1 source)
   at Autofac.Features.Collections.CollectionRegistrationSource.<>c__DisplayClass4.<RegistrationsFor>b__0(IComponentContext c, IEnumerable`1 p)
   at Autofac.Core.Activators.Delegate.DelegateActivator.ActivateInstance(IComponentContext context, IEnumerable`1 parameters)
   at Autofac.Core.Resolving.InstanceLookup.Activate(IEnumerable`1 parameters)
   at Autofac.Core.Resolving.InstanceLookup.Execute()
   at Autofac.Core.Resolving.ResolveOperation.GetOrCreateInstance(ISharingLifetimeScope currentOperationScope, IComponentRegistration registration, IEnumerable`1 parameters)
   at Autofac.Core.Resolving.InstanceLookup.ResolveComponent(IComponentRegistration registration, IEnumerable`1 parameters)
   at Autofac.Core.Registration.ExternalRegistrySource.<>c__DisplayClass8.<RegistrationsFor>b__3(IComponentContext c, IEnumerable`1 p)
   at Autofac.Builder.RegistrationBuilder.<>c__DisplayClass1`1.<ForDelegate>b__0(IComponentContext c, IEnumerable`1 p)
   at Autofac.Core.Activators.Delegate.DelegateActivator.ActivateInstance(IComponentContext context, IEnumerable`1 parameters)
   at Autofac.Core.Resolving.InstanceLookup.Activate(IEnumerable`1 parameters)
   at Autofac.Core.Resolving.InstanceLookup.Execute()
   at Autofac.Core.Resolving.ResolveOperation.GetOrCreateInstance(ISharingLifetimeScope currentOperationScope, IComponentRegistration registration, IEnumerable`1 parameters)
   at Autofac.Core.Resolving.ResolveOperation.Execute(IComponentRegistration registration, IEnumerable`1 parameters)
   at Autofac.Core.Lifetime.LifetimeScope.ResolveComponent(IComponentRegistration registration, IEnumerable`1 parameters)
   at Autofac.Features.LazyDependencies.LazyRegistrationSource.<>c__DisplayClass5`1.<>c__DisplayClass7.<CreateLazyRegistration>b__4()
   at System.Lazy`1.CreateValue()
--- End of stack trace from previous location where exception was thrown ---
   at System.Runtime.ExceptionServices.ExceptionDispatchInfo.Throw()
   at System.Lazy`1.get_Value()
   at Orchard.ContentManagement.DefaultContentManager.New(String contentType) in d:\Builds\OrchardFull\src\Orchard\ContentManagement\DefaultContentManager.cs:line 76
   at Orchard.ContentManagement.DefaultContentManager.Get(Int32 id, VersionOptions options, QueryHints hints) in d:\Builds\OrchardFull\src\Orchard\ContentManagement\DefaultContentManager.cs:line 190
   at Orchard.ContentManagement.DefaultContentManager.Get(Int32 id, VersionOptions options) in d:\Builds\OrchardFull\src\Orchard\ContentManagement\DefaultContentManager.cs:line 111
   at Orchard.ContentManagement.DefaultContentQuery.<Slice>b__0(ContentItemVersionRecord x) in d:\Builds\OrchardFull\src\Orchard\ContentManagement\DefaultContentQuery.cs:line 148
   at System.Linq.Enumerable.WhereSelectListIterator`2.MoveNext()
   at System.Collections.Generic.List`1..ctor(IEnumerable`1 collection)
   at System.Linq.Enumerable.ToList[TSource](IEnumerable`1 source)
   at Orchard.ContentManagement.DefaultContentQuery.Slice(Int32 skip, Int32 count) in d:\Builds\OrchardFull\src\Orchard\ContentManagement\DefaultContentQuery.cs:line 146
   at Orchard.ContentManagement.DefaultContentQuery.ContentQuery`1.Orchard.ContentManagement.IContentQuery<T>.List() in d:\Builds\OrchardFull\src\Orchard\ContentManagement\DefaultContentQuery.cs:line 191
   at Orchard.Blogs.Services.BlogService.Get(VersionOptions versionOptions)
   at Orchard.Blogs.Services.BlogService.Get()
   at Orchard.Blogs.Routing.BlogPathConstraintUpdator.Refresh()
   at Orchard.Blogs.Routing.BlogPathConstraintUpdator.Orchard.Environment.IOrchardShellEvents.Activated()
   --- End of inner exception stack trace ---
   at System.RuntimeMethodHandle.InvokeMethod(Object target, Object[] arguments, Signature sig, Boolean constructor)
   at System.Reflection.RuntimeMethodInfo.UnsafeInvokeInternal(Object obj, Object[] parameters, Object[] arguments)
   at System.Reflection.RuntimeMethodInfo.Invoke(Object obj, BindingFlags invokeAttr, Binder binder, Object[] parameters, CultureInfo culture)
   at Orchard.Events.DefaultOrchardEventBus.TryInvokeMethod(IEventHandler eventHandler, Type interfaceType, String methodName, IDictionary`2 arguments, IEnumerable& returnValue) in d:\Builds\OrchardFull\src\Orchard\Events\DefaultOrchardEventBus.cs:line 80
   at Orchard.Events.DefaultOrchardEventBus.TryInvoke(IEventHandler eventHandler, String interfaceName, String methodName, IDictionary`2 arguments, IEnumerable& returnValue) in d:\Builds\OrchardFull\src\Orchard\Events\DefaultOrchardEventBus.cs:line 68
   at Orchard.Events.DefaultOrchardEventBus.TryNotifyHandler(IEventHandler eventHandler, String messageName, String interfaceName, String methodName, IDictionary`2 eventData, IEnumerable& returnValue) in d:\Builds\OrchardFull\src\Orchard\Events\DefaultOrchardEventBus.cs:line 52
2012-06-25 14:11:53,960 [8] Orchard.Exceptions.DefaultExceptionPolicy - An unexpected exception was caught
System.Reflection.TargetInvocationException: Exception has been thrown by the target of an invocation. ---> Autofac.Core.DependencyResolutionException: None of the constructors found with 'Orchard.Environment.AutofacUtil.DynamicProxy2.ConstructorFinderWrapper' on type 'Contrib.ImageField.Drivers.ImageFieldDriver' can be invoked with the available services and parameters:
Cannot resolve parameter 'Orchard.Media.Services.IMediaService mediaService' of constructor 'Void .ctor(Orchard.IOrchardServices, Orchard.Media.Services.IMediaService)'.
Cannot resolve parameter 'Orchard.Media.Services.IMediaService mediaService' of constructor 'Void .ctor(Orchard.Media.Services.IMediaService)'.
   at Autofac.Core.Activators.Reflection.ReflectionActivator.ActivateInstance(IComponentContext context, IEnumerable`1 parameters)
   at Autofac.Core.Resolving.InstanceLookup.Activate(IEnumerable`1 parameters)
   at Autofac.Core.Resolving.InstanceLookup.<Execute>b__6()
   at Autofac.Core.Lifetime.LifetimeScope.GetOrCreateAndShare(Guid id, Func`1 creator)
   at Autofac.Core.Resolving.InstanceLookup.Execute()
   at Autofac.Core.Resolving.ResolveOperation.GetOrCreateInstance(ISharingLifetimeScope currentOperationScope, IComponentRegistration registration, IEnumerable`1 parameters)
   at Autofac.Core.Resolving.InstanceLookup.ResolveComponent(IComponentRegistration registration, IEnumerable`1 parameters)
   at Autofac.Features.Collections.CollectionRegistrationSource.<>c__DisplayClass4.<>c__DisplayClass6.<RegistrationsFor>b__1(IComponentRegistration cr)
   at System.Linq.Enumerable.WhereSelectArrayIterator`2.MoveNext()
   at System.Linq.Buffer`1..ctor(IEnumerable`1 source)
   at System.Linq.Enumerable.ToArray[TSource](IEnumerable`1 source)
   at Autofac.Features.Collections.CollectionRegistrationSource.<>c__DisplayClass4.<RegistrationsFor>b__0(IComponentContext c, IEnumerable`1 p)
   at Autofac.Core.Activators.Delegate.DelegateActivator.ActivateInstance(IComponentContext context, IEnumerable`1 parameters)
   at Autofac.Core.Resolving.InstanceLookup.Activate(IEnumerable`1 parameters)
   at Autofac.Core.Resolving.InstanceLookup.Execute()
   at Autofac.Core.Resolving.ResolveOperation.GetOrCreateInstance(ISharingLifetimeScope currentOperationScope, IComponentRegistration registration, IEnumerable`1 parameters)
   at Autofac.Core.Resolving.InstanceLookup.ResolveComponent(IComponentRegistration registration, IEnumerable`1 parameters)
   at Autofac.Core.Registration.ExternalRegistrySource.<>c__DisplayClass8.<RegistrationsFor>b__3(IComponentContext c, IEnumerable`1 p)
   at Autofac.Builder.RegistrationBuilder.<>c__DisplayClass1`1.<ForDelegate>b__0(IComponentContext c, IEnumerable`1 p)
   at Autofac.Core.Activators.Delegate.DelegateActivator.ActivateInstance(IComponentContext context, IEnumerable`1 parameters)
   at Autofac.Core.Resolving.InstanceLookup.Activate(IEnumerable`1 parameters)
   at Autofac.Core.Resolving.InstanceLookup.Execute()
   at Autofac.Core.Resolving.ResolveOperation.GetOrCreateInstance(ISharingLifetimeScope currentOperationScope, IComponentRegistration registration, IEnumerable`1 parameters)
   at Autofac.Core.Resolving.InstanceLookup.ResolveComponent(IComponentRegistration registration, IEnumerable`1 parameters)
   at Autofac.Core.Activators.Reflection.AutowiringParameter.<>c__DisplayClass2.<CanSupplyValue>b__0()
   at Autofac.Core.Activators.Reflection.ConstructorParameterBinding.Instantiate()
   at Autofac.Core.Activators.Reflection.ReflectionActivator.ActivateInstance(IComponentContext context, IEnumerable`1 parameters)
   at Autofac.Core.Resolving.InstanceLookup.Activate(IEnumerable`1 parameters)
   at Autofac.Core.Resolving.InstanceLookup.<Execute>b__6()
   at Autofac.Core.Lifetime.LifetimeScope.GetOrCreateAndShare(Guid id, Func`1 creator)
   at Autofac.Core.Resolving.InstanceLookup.Execute()
   at Autofac.Core.Resolving.ResolveOperation.GetOrCreateInstance(ISharingLifetimeScope currentOperationScope, IComponentRegistration registration, IEnumerable`1 parameters)
   at Autofac.Core.Resolving.InstanceLookup.ResolveComponent(IComponentRegistration registration, IEnumerable`1 parameters)
   at Autofac.Features.Collections.CollectionRegistrationSource.<>c__DisplayClass4.<>c__DisplayClass6.<RegistrationsFor>b__1(IComponentRegistration cr)
   at System.Linq.Enumerable.WhereSelectArrayIterator`2.MoveNext()
   at System.Linq.Buffer`1..ctor(IEnumerable`1 source)
   at System.Linq.Enumerable.ToArray[TSource](IEnumerable`1 source)
   at Autofac.Features.Collections.CollectionRegistrationSource.<>c__DisplayClass4.<RegistrationsFor>b__0(IComponentContext c, IEnumerable`1 p)
   at Autofac.Core.Activators.Delegate.DelegateActivator.ActivateInstance(IComponentContext context, IEnumerable`1 parameters)
   at Autofac.Core.Resolving.InstanceLookup.Activate(IEnumerable`1 parameters)
   at Autofac.Core.Resolving.InstanceLookup.Execute()
   at Autofac.Core.Resolving.ResolveOperation.GetOrCreateInstance(ISharingLifetimeScope currentOperationScope, IComponentRegistration registration, IEnumerable`1 parameters)
   at Autofac.Core.Resolving.InstanceLookup.ResolveComponent(IComponentRegistration registration, IEnumerable`1 parameters)
   at Autofac.Core.Registration.ExternalRegistrySource.<>c__DisplayClass8.<RegistrationsFor>b__3(IComponentContext c, IEnumerable`1 p)
   at Autofac.Builder.RegistrationBuilder.<>c__DisplayClass1`1.<ForDelegate>b__0(IComponentContext c, IEnumerable`1 p)
   at Autofac.Core.Activators.Delegate.DelegateActivator.ActivateInstance(IComponentContext context, IEnumerable`1 parameters)
   at Autofac.Core.Resolving.InstanceLookup.Activate(IEnumerable`1 parameters)
   at Autofac.Core.Resolving.InstanceLookup.Execute()
   at Autofac.Core.Resolving.ResolveOperation.GetOrCreateInstance(ISharingLifetimeScope currentOperationScope, IComponentRegistration registration, IEnumerable`1 parameters)
   at Autofac.Core.Resolving.ResolveOperation.Execute(IComponentRegistration registration, IEnumerable`1 parameters)
   at Autofac.Core.Lifetime.LifetimeScope.ResolveComponent(IComponentRegistration registration, IEnumerable`1 parameters)
   at Autofac.Features.LazyDependencies.LazyRegistrationSource.<>c__DisplayClass5`1.<>c__DisplayClass7.<CreateLazyRegistration>b__4()
   at System.Lazy`1.CreateValue()
   at System.Lazy`1.LazyInitValue()
   at System.Lazy`1.get_Value()
   at Orchard.ContentManagement.DefaultContentManager.New(String contentType) in d:\Builds\OrchardFull\src\Orchard\ContentManagement\DefaultContentManager.cs:line 76
   at Orchard.ContentManagement.DefaultContentManager.Get(Int32 id, VersionOptions options, QueryHints hints) in d:\Builds\OrchardFull\src\Orchard\ContentManagement\DefaultContentManager.cs:line 190
   at Orchard.ContentManagement.DefaultContentManager.Get(Int32 id, VersionOptions options) in d:\Builds\OrchardFull\src\Orchard\ContentManagement\DefaultContentManager.cs:line 111
   at Orchard.ContentManagement.DefaultContentQuery.<Slice>b__0(ContentItemVersionRecord x) in d:\Builds\OrchardFull\src\Orchard\ContentManagement\DefaultContentQuery.cs:line 148
   at System.Linq.Enumerable.WhereSelectListIterator`2.MoveNext()
   at System.Collections.Generic.List`1..ctor(IEnumerable`1 collection)
   at System.Linq.Enumerable.ToList[TSource](IEnumerable`1 source)
   at Orchard.ContentManagement.DefaultContentQuery.Slice(Int32 skip, Int32 count) in d:\Builds\OrchardFull\src\Orchard\ContentManagement\DefaultContentQuery.cs:line 146
   at Orchard.ContentManagement.DefaultContentQuery.ContentQuery`1.Orchard.ContentManagement.IContentQuery<T>.List() in d:\Builds\OrchardFull\src\Orchard\ContentManagement\DefaultContentQuery.cs:line 191
   at Contrib.Taxonomies.Services.TaxonomyService.GetTermPaths()
   at Contrib.Taxonomies.Routing.TermPathConstraintUpdator.Orchard.Environment.IOrchardShellEvents.Activated()
   --- End of inner exception stack trace ---
   at System.RuntimeMethodHandle.InvokeMethod(Object target, Object[] arguments, Signature sig, Boolean constructor)
   at System.Reflection.RuntimeMethodInfo.UnsafeInvokeInternal(Object obj, Object[] parameters, Object[] arguments)
   at System.Reflection.RuntimeMethodInfo.Invoke(Object obj, BindingFlags invokeAttr, Binder binder, Object[] parameters, CultureInfo culture)
   at Orchard.Events.DefaultOrchardEventBus.TryInvokeMethod(IEventHandler eventHandler, Type interfaceType, String methodName, IDictionary`2 arguments, IEnumerable& returnValue) in d:\Builds\OrchardFull\src\Orchard\Events\DefaultOrchardEventBus.cs:line 80
   at Orchard.Events.DefaultOrchardEventBus.TryInvoke(IEventHandler eventHandler, String interfaceName, String methodName, IDictionary`2 arguments, IEnumerable& returnValue) in d:\Builds\OrchardFull\src\Orchard\Events\DefaultOrchardEventBus.cs:line 68
   at Orchard.Events.DefaultOrchardEventBus.TryNotifyHandler(IEventHandler eventHandler, String messageName, String interfaceName, String methodName, IDictionary`2 eventData, IEnumerable& returnValue) in d:\Builds\OrchardFull\src\Orchard\Events\DefaultOrchardEventBus.cs:line 52
2012-06-25 14:11:53,978 [8] Orchard.Exceptions.DefaultExceptionPolicy - An unexpected exception was caught
System.Reflection.TargetInvocationException: Exception has been thrown by the target of an invocation. ---> Autofac.Core.DependencyResolutionException: None of the constructors found with 'Orchard.Environment.AutofacUtil.DynamicProxy2.ConstructorFinderWrapper' on type 'Contrib.ImageField.Drivers.ImageFieldDriver' can be invoked with the available services and parameters:
Cannot resolve parameter 'Orchard.Media.Services.IMediaService mediaService' of constructor 'Void .ctor(Orchard.IOrchardServices, Orchard.Media.Services.IMediaService)'.
Cannot resolve parameter 'Orchard.Media.Services.IMediaService mediaService' of constructor 'Void .ctor(Orchard.Media.Services.IMediaService)'.
   at Autofac.Core.Activators.Reflection.ReflectionActivator.ActivateInstance(IComponentContext context, IEnumerable`1 parameters)
   at Autofac.Core.Resolving.InstanceLookup.Activate(IEnumerable`1 parameters)
   at Autofac.Core.Resolving.InstanceLookup.<Execute>b__6()
   at Autofac.Core.Lifetime.LifetimeScope.GetOrCreateAndShare(Guid id, Func`1 creator)
   at Autofac.Core.Resolving.InstanceLookup.Execute()
   at Autofac.Core.Resolving.ResolveOperation.GetOrCreateInstance(ISharingLifetimeScope currentOperationScope, IComponentRegistration registration, IEnumerable`1 parameters)
   at Autofac.Core.Resolving.InstanceLookup.ResolveComponent(IComponentRegistration registration, IEnumerable`1 parameters)
   at Autofac.Features.Collections.CollectionRegistrationSource.<>c__DisplayClass4.<>c__DisplayClass6.<RegistrationsFor>b__1(IComponentRegistration cr)
   at System.Linq.Enumerable.WhereSelectArrayIterator`2.MoveNext()
   at System.Linq.Buffer`1..ctor(IEnumerable`1 source)
   at System.Linq.Enumerable.ToArray[TSource](IEnumerable`1 source)
   at Autofac.Features.Collections.CollectionRegistrationSource.<>c__DisplayClass4.<RegistrationsFor>b__0(IComponentContext c, IEnumerable`1 p)
   at Autofac.Core.Activators.Delegate.DelegateActivator.ActivateInstance(IComponentContext context, IEnumerable`1 parameters)
   at Autofac.Core.Resolving.InstanceLookup.Activate(IEnumerable`1 parameters)
   at Autofac.Core.Resolving.InstanceLookup.Execute()
   at Autofac.Core.Resolving.ResolveOperation.GetOrCreateInstance(ISharingLifetimeScope currentOperationScope, IComponentRegistration registration, IEnumerable`1 parameters)
   at Autofac.Core.Resolving.InstanceLookup.ResolveComponent(IComponentRegistration registration, IEnumerable`1 parameters)
   at Autofac.Core.Registration.ExternalRegistrySource.<>c__DisplayClass8.<RegistrationsFor>b__3(IComponentContext c, IEnumerable`1 p)
   at Autofac.Builder.RegistrationBuilder.<>c__DisplayClass1`1.<ForDelegate>b__0(IComponentContext c, IEnumerable`1 p)
   at Autofac.Core.Activators.Delegate.DelegateActivator.ActivateInstance(IComponentContext context, IEnumerable`1 parameters)
   at Autofac.Core.Resolving.InstanceLookup.Activate(IEnumerable`1 parameters)
   at Autofac.Core.Resolving.InstanceLookup.Execute()
   at Autofac.Core.Resolving.ResolveOperation.GetOrCreateInstance(ISharingLifetimeScope currentOperationScope, IComponentRegistration registration, IEnumerable`1 parameters)
   at Autofac.Core.Resolving.InstanceLookup.ResolveComponent(IComponentRegistration registration, IEnumerable`1 parameters)
   at Autofac.Core.Activators.Reflection.AutowiringParameter.<>c__DisplayClass2.<CanSupplyValue>b__0()
   at Autofac.Core.Activators.Reflection.ConstructorParameterBinding.Instantiate()
   at Autofac.Core.Activators.Reflection.ReflectionActivator.ActivateInstance(IComponentContext context, IEnumerable`1 parameters)
   at Autofac.Core.Resolving.InstanceLookup.Activate(IEnumerable`1 parameters)
   at Autofac.Core.Resolving.InstanceLookup.<Execute>b__6()
   at Autofac.Core.Lifetime.LifetimeScope.GetOrCreateAndShare(Guid id, Func`1 creator)
   at Autofac.Core.Resolving.InstanceLookup.Execute()
   at Autofac.Core.Resolving.ResolveOperation.GetOrCreateInstance(ISharingLifetimeScope currentOperationScope, IComponentRegistration registration, IEnumerable`1 parameters)
   at Autofac.Core.Resolving.InstanceLookup.ResolveComponent(IComponentRegistration registration, IEnumerable`1 parameters)
   at Autofac.Features.Collections.CollectionRegistrationSource.<>c__DisplayClass4.<>c__DisplayClass6.<RegistrationsFor>b__1(IComponentRegistration cr)
   at System.Linq.Enumerable.WhereSelectArrayIterator`2.MoveNext()
   at System.Linq.Buffer`1..ctor(IEnumerable`1 source)
   at System.Linq.Enumerable.ToArray[TSource](IEnumerable`1 source)
   at Autofac.Features.Collections.CollectionRegistrationSource.<>c__DisplayClass4.<RegistrationsFor>b__0(IComponentContext c, IEnumerable`1 p)
   at Autofac.Core.Activators.Delegate.DelegateActivator.ActivateInstance(IComponentContext context, IEnumerable`1 parameters)
   at Autofac.Core.Resolving.InstanceLookup.Activate(IEnumerable`1 parameters)
   at Autofac.Core.Resolving.InstanceLookup.Execute()
   at Autofac.Core.Resolving.ResolveOperation.GetOrCreateInstance(ISharingLifetimeScope currentOperationScope, IComponentRegistration registration, IEnumerable`1 parameters)
   at Autofac.Core.Resolving.InstanceLookup.ResolveComponent(IComponentRegistration registration, IEnumerable`1 parameters)
   at Autofac.Core.Registration.ExternalRegistrySource.<>c__DisplayClass8.<RegistrationsFor>b__3(IComponentContext c, IEnumerable`1 p)
   at Autofac.Builder.RegistrationBuilder.<>c__DisplayClass1`1.<ForDelegate>b__0(IComponentContext c, IEnumerable`1 p)
   at Autofac.Core.Activators.Delegate.DelegateActivator.ActivateInstance(IComponentContext context, IEnumerable`1 parameters)
   at Autofac.Core.Resolving.InstanceLookup.Activate(IEnumerable`1 parameters)
   at Autofac.Core.Resolving.InstanceLookup.Execute()
   at Autofac.Core.Resolving.ResolveOperation.GetOrCreateInstance(ISharingLifetimeScope currentOperationScope, IComponentRegistration registration, IEnumerable`1 parameters)
   at Autofac.Core.Resolving.ResolveOperation.Execute(IComponentRegistration registration, IEnumerable`1 parameters)
   at Autofac.Core.Lifetime.LifetimeScope.ResolveComponent(IComponentRegistration registration, IEnumerable`1 parameters)
   at Autofac.Features.LazyDependencies.LazyRegistrationSource.<>c__DisplayClass5`1.<>c__DisplayClass7.<CreateLazyRegistration>b__4()
   at System.Lazy`1.CreateValue()
--- End of stack trace from previous location where exception was thrown ---
   at System.Runtime.ExceptionServices.ExceptionDispatchInfo.Throw()
   at System.Lazy`1.get_Value()
   at Orchard.ContentManagement.DefaultContentManager.New(String contentType) in d:\Builds\OrchardFull\src\Orchard\ContentManagement\DefaultContentManager.cs:line 76
   at Orchard.ContentManagement.DefaultContentManager.Get(Int32 id, VersionOptions options, QueryHints hints) in d:\Builds\OrchardFull\src\Orchard\ContentManagement\DefaultContentManager.cs:line 190
   at Orchard.ContentManagement.DefaultContentManager.Get(Int32 id, VersionOptions options) in d:\Builds\OrchardFull\src\Orchard\ContentManagement\DefaultContentManager.cs:line 111
   at Orchard.ContentManagement.DefaultContentQuery.<Slice>b__0(ContentItemVersionRecord x) in d:\Builds\OrchardFull\src\Orchard\ContentManagement\DefaultContentQuery.cs:line 148
   at System.Linq.Enumerable.WhereSelectListIterator`2.MoveNext()
   at System.Collections.Generic.List`1..ctor(IEnumerable`1 collection)
   at System.Linq.Enumerable.ToList[TSource](IEnumerable`1 source)
   at Orchard.ContentManagement.DefaultContentQuery.Slice(Int32 skip, Int32 count) in d:\Builds\OrchardFull\src\Orchard\ContentManagement\DefaultContentQuery.cs:line 146
   at Orchard.ContentManagement.DefaultContentQuery.ContentQuery`1.Orchard.ContentManagement.IContentQuery<T>.List() in d:\Builds\OrchardFull\src\Orchard\ContentManagement\DefaultContentQuery.cs:line 191
   at Contrib.Taxonomies.Services.TaxonomyService.GetSlugs()
   at Contrib.Taxonomies.Routing.TaxonomySlugConstraintUpdator.Orchard.Environment.IOrchardShellEvents.Activated()
   --- End of inner exception stack trace ---
   at System.RuntimeMethodHandle.InvokeMethod(Object target, Object[] arguments, Signature sig, Boolean constructor)
   at System.Reflection.RuntimeMethodInfo.UnsafeInvokeInternal(Object obj, Object[] parameters, Object[] arguments)
   at System.Reflection.RuntimeMethodInfo.Invoke(Object obj, BindingFlags invokeAttr, Binder binder, Object[] parameters, CultureInfo culture)
   at Orchard.Events.DefaultOrchardEventBus.TryInvokeMethod(IEventHandler eventHandler, Type interfaceType, String methodName, IDictionary`2 arguments, IEnumerable& returnValue) in d:\Builds\OrchardFull\src\Orchard\Events\DefaultOrchardEventBus.cs:line 80
   at Orchard.Events.DefaultOrchardEventBus.TryInvoke(IEventHandler eventHandler, String interfaceName, String methodName, IDictionary`2 arguments, IEnumerable& returnValue) in d:\Builds\OrchardFull\src\Orchard\Events\DefaultOrchardEventBus.cs:line 68
   at Orchard.Events.DefaultOrchardEventBus.TryNotifyHandler(IEventHandler eventHandler, String messageName, String interfaceName, String methodName, IDictionary`2 eventData, IEnumerable& returnValue) in d:\Builds\OrchardFull\src\Orchard\Events\DefaultOrchardEventBus.cs:line 52
2012-06-25 14:11:54,030 [8] Orchard.Exceptions.DefaultExceptionPolicy - An unexpected exception was caught
System.Reflection.TargetInvocationException: Exception has been thrown by the target of an invocation. ---> Autofac.Core.DependencyResolutionException: None of the constructors found with 'Orchard.Environment.AutofacUtil.DynamicProxy2.ConstructorFinderWrapper' on type 'Contrib.ImageField.Drivers.ImageFieldDriver' can be invoked with the available services and parameters:
Cannot resolve parameter 'Orchard.Media.Services.IMediaService mediaService' of constructor 'Void .ctor(Orchard.IOrchardServices, Orchard.Media.Services.IMediaService)'.
Cannot resolve parameter 'Orchard.Media.Services.IMediaService mediaService' of constructor 'Void .ctor(Orchard.Media.Services.IMediaService)'.
   at Autofac.Core.Activators.Reflection.ReflectionActivator.ActivateInstance(IComponentContext context, IEnumerable`1 parameters)
   at Autofac.Core.Resolving.InstanceLookup.Activate(IEnumerable`1 parameters)
   at Autofac.Core.Resolving.InstanceLookup.<Execute>b__6()
   at Autofac.Core.Lifetime.LifetimeScope.GetOrCreateAndShare(Guid id, Func`1 creator)
   at Autofac.Core.Resolving.InstanceLookup.Execute()
   at Autofac.Core.Resolving.ResolveOperation.GetOrCreateInstance(ISharingLifetimeScope currentOperationScope, IComponentRegistration registration, IEnumerable`1 parameters)
   at Autofac.Core.Resolving.InstanceLookup.ResolveComponent(IComponentRegistration registration, IEnumerable`1 parameters)
   at Autofac.Features.Collections.CollectionRegistrationSource.<>c__DisplayClass4.<>c__DisplayClass6.<RegistrationsFor>b__1(IComponentRegistration cr)
   at System.Linq.Enumerable.WhereSelectArrayIterator`2.MoveNext()
   at System.Linq.Buffer`1..ctor(IEnumerable`1 source)
   at System.Linq.Enumerable.ToArray[TSource](IEnumerable`1 source)
   at Autofac.Features.Collections.CollectionRegistrationSource.<>c__DisplayClass4.<RegistrationsFor>b__0(IComponentContext c, IEnumerable`1 p)
   at Autofac.Core.Activators.Delegate.DelegateActivator.ActivateInstance(IComponentContext context, IEnumerable`1 parameters)
   at Autofac.Core.Resolving.InstanceLookup.Activate(IEnumerable`1 parameters)
   at Autofac.Core.Resolving.InstanceLookup.Execute()
   at Autofac.Core.Resolving.ResolveOperation.GetOrCreateInstance(ISharingLifetimeScope currentOperationScope, IComponentRegistration registration, IEnumerable`1 parameters)
   at Autofac.Core.Resolving.InstanceLookup.ResolveComponent(IComponentRegistration registration, IEnumerable`1 parameters)
   at Autofac.Core.Registration.ExternalRegistrySource.<>c__DisplayClass8.<RegistrationsFor>b__3(IComponentContext c, IEnumerable`1 p)
   at Autofac.Builder.RegistrationBuilder.<>c__DisplayClass1`1.<ForDelegate>b__0(IComponentContext c, IEnumerable`1 p)
   at Autofac.Core.Activators.Delegate.DelegateActivator.ActivateInstance(IComponentContext context, IEnumerable`1 parameters)
   at Autofac.Core.Resolving.InstanceLookup.Activate(IEnumerable`1 parameters)
   at Autofac.Core.Resolving.InstanceLookup.Execute()
   at Autofac.Core.Resolving.ResolveOperation.GetOrCreateInstance(ISharingLifetimeScope currentOperationScope, IComponentRegistration registration, IEnumerable`1 parameters)
   at Autofac.Core.Resolving.InstanceLookup.ResolveComponent(IComponentRegistration registration, IEnumerable`1 parameters)
   at Autofac.Core.Activators.Reflection.AutowiringParameter.<>c__DisplayClass2.<CanSupplyValue>b__0()
   at Autofac.Core.Activators.Reflection.ConstructorParameterBinding.Instantiate()
   at Autofac.Core.Activators.Reflection.ReflectionActivator.ActivateInstance(IComponentContext context, IEnumerable`1 parameters)
   at Autofac.Core.Resolving.InstanceLookup.Activate(IEnumerable`1 parameters)
   at Autofac.Core.Resolving.InstanceLookup.<Execute>b__6()
   at Autofac.Core.Lifetime.LifetimeScope.GetOrCreateAndShare(Guid id, Func`1 creator)
   at Autofac.Core.Resolving.InstanceLookup.Execute()
   at Autofac.Core.Resolving.ResolveOperation.GetOrCreateInstance(ISharingLifetimeScope currentOperationScope, IComponentRegistration registration, IEnumerable`1 parameters)
   at Autofac.Core.Resolving.InstanceLookup.ResolveComponent(IComponentRegistration registration, IEnumerable`1 parameters)
   at Autofac.Features.Collections.CollectionRegistrationSource.<>c__DisplayClass4.<>c__DisplayClass6.<RegistrationsFor>b__1(IComponentRegistration cr)
   at System.Linq.Enumerable.WhereSelectArrayIterator`2.MoveNext()
   at System.Linq.Buffer`1..ctor(IEnumerable`1 source)
   at System.Linq.Enumerable.ToArray[TSource](IEnumerable`1 source)
   at Autofac.Features.Collections.CollectionRegistrationSource.<>c__DisplayClass4.<RegistrationsFor>b__0(IComponentContext c, IEnumerable`1 p)
   at Autofac.Core.Activators.Delegate.DelegateActivator.ActivateInstance(IComponentContext context, IEnumerable`1 parameters)
   at Autofac.Core.Resolving.InstanceLookup.Activate(IEnumerable`1 parameters)
   at Autofac.Core.Resolving.InstanceLookup.Execute()
   at Autofac.Core.Resolving.ResolveOperation.GetOrCreateInstance(ISharingLifetimeScope currentOperationScope, IComponentRegistration registration, IEnumerable`1 parameters)
   at Autofac.Core.Resolving.InstanceLookup.ResolveComponent(IComponentRegistration registration, IEnumerable`1 parameters)
   at Autofac.Core.Registration.ExternalRegistrySource.<>c__DisplayClass8.<RegistrationsFor>b__3(IComponentContext c, IEnumerable`1 p)
   at Autofac.Builder.RegistrationBuilder.<>c__DisplayClass1`1.<ForDelegate>b__0(IComponentContext c, IEnumerable`1 p)
   at Autofac.Core.Activators.Delegate.DelegateActivator.ActivateInstance(IComponentContext context, IEnumerable`1 parameters)
   at Autofac.Core.Resolving.InstanceLookup.Activate(IEnumerable`1 parameters)
   at Autofac.Core.Resolving.InstanceLookup.Execute()
   at Autofac.Core.Resolving.ResolveOperation.GetOrCreateInstance(ISharingLifetimeScope currentOperationScope, IComponentRegistration registration, IEnumerable`1 parameters)
   at Autofac.Core.Resolving.ResolveOperation.Execute(IComponentRegistration registration, IEnumerable`1 parameters)
   at Autofac.Core.Lifetime.LifetimeScope.ResolveComponent(IComponentRegistration registration, IEnumerable`1 parameters)
   at Autofac.Features.LazyDependencies.LazyRegistrationSource.<>c__DisplayClass5`1.<>c__DisplayClass7.<CreateLazyRegistration>b__4()
   at System.Lazy`1.CreateValue()
--- End of stack trace from previous location where exception was thrown ---
   at System.Runtime.ExceptionServices.ExceptionDispatchInfo.Throw()
   at System.Lazy`1.get_Value()
   at Orchard.ContentManagement.DefaultContentManager.New(String contentType) in d:\Builds\OrchardFull\src\Orchard\ContentManagement\DefaultContentManager.cs:line 76
   at Orchard.ContentManagement.DefaultContentManager.Get(Int32 id, VersionOptions options, QueryHints hints) in d:\Builds\OrchardFull\src\Orchard\ContentManagement\DefaultContentManager.cs:line 190
   at Orchard.ContentManagement.DefaultContentManager.Get(Int32 id, VersionOptions options) in d:\Builds\OrchardFull\src\Orchard\ContentManagement\DefaultContentManager.cs:line 111
   at Orchard.ContentManagement.DefaultContentQuery.<Slice>b__0(ContentItemVersionRecord x) in d:\Builds\OrchardFull\src\Orchard\ContentManagement\DefaultContentQuery.cs:line 148
   at System.Linq.Enumerable.WhereSelectListIterator`2.MoveNext()
   at System.Collections.Generic.List`1..ctor(IEnumerable`1 collection)
   at System.Linq.Enumerable.ToList[TSource](IEnumerable`1 source)
   at Orchard.ContentManagement.DefaultContentQuery.Slice(Int32 skip, Int32 count) in d:\Builds\OrchardFull\src\Orchard\ContentManagement\DefaultContentQuery.cs:line 146
   at Orchard.ContentManagement.DefaultContentQuery.ContentQuery`1.Orchard.ContentManagement.IContentQuery<T>.List() in d:\Builds\OrchardFull\src\Orchard\ContentManagement\DefaultContentQuery.cs:line 191
   at Orchard.Blogs.Services.BlogService.Get(VersionOptions versionOptions)
   at Orchard.Blogs.Services.BlogService.Get()
   at Orchard.Blogs.Routing.BlogPathConstraintUpdator.Refresh()
   at Orchard.Blogs.Routing.BlogPathConstraintUpdator.Orchard.Environment.IOrchardShellEvents.Activated()
   --- End of inner exception stack trace ---
   at System.RuntimeMethodHandle.InvokeMethod(Object target, Object[] arguments, Signature sig, Boolean constructor)
   at System.Reflection.RuntimeMethodInfo.UnsafeInvokeInternal(Object obj, Object[] parameters, Object[] arguments)
   at System.Reflection.RuntimeMethodInfo.Invoke(Object obj, BindingFlags invokeAttr, Binder binder, Object[] parameters, CultureInfo culture)
   at Orchard.Events.DefaultOrchardEventBus.TryInvokeMethod(IEventHandler eventHandler, Type interfaceType, String methodName, IDictionary`2 arguments, IEnumerable& returnValue) in d:\Builds\OrchardFull\src\Orchard\Events\DefaultOrchardEventBus.cs:line 80
   at Orchard.Events.DefaultOrchardEventBus.TryInvoke(IEventHandler eventHandler, String interfaceName, String methodName, IDictionary`2 arguments, IEnumerable& returnValue) in d:\Builds\OrchardFull\src\Orchard\Events\DefaultOrchardEventBus.cs:line 68
   at Orchard.Events.DefaultOrchardEventBus.TryNotifyHandler(IEventHandler eventHandler, String messageName, String interfaceName, String methodName, IDictionary`2 eventData, IEnumerable& returnValue) in d:\Builds\OrchardFull\src\Orchard\Events\DefaultOrchardEventBus.cs:line 52
